<?xml version="1.0" encoding="UTF-8"?>
<!-- Generated by org.testng.reporters.JUnitReportReporter -->
<testsuite hostname="AUSMEL277060L" failures="0" tests="1" name="Git_Hub_Test.Git_Hub_Test.AppTest" time="0.011" errors="0" timestamp="2021-09-07T11:54:49 AEST" skipped="0">
  <testcase classname="Git_Hub_Test.Git_Hub_Test.AppTest" name="shouldAnswerWithTrue" time="0.011"/>
  <system-out/>
</testsuite> <!-- Git_Hub_Test.Git_Hub_Test.AppTest -->
